2018-03-02 21:25:38 Error: [Cake\Controller\Exception\MissingActionException] Action AboutUsController::eatingHealthyFood() could not be found, or is not accessible.
Exception Attributes: array (
  'controller' => 'AboutUsController',
  'action' => 'eatingHealthyFood',
  'prefix' => '',
  'plugin' => false,
)
Request URL: /AboutUs/eating_healthy_food
Referer URL: http://localhost/RecipeBook/
Stack Trace:
#0 E:\xampp\htdocs\RecipeBook\vendor\cakephp\cakephp\src\Http\ActionDispatcher.php(119): Cake\Controller\Controller->invokeAction()
#1 E:\xampp\htdocs\RecipeBook\vendor\cakephp\cakephp\src\Http\ActionDispatcher.php(93): Cake\Http\ActionDispatcher->_invoke(Object(App\Controller\AboutUsController))
#2 E:\xampp\htdocs\RecipeBook\vendor\cakephp\cakephp\src\Http\BaseApplication.php(108): Cake\Http\ActionDispatcher->dispatch(Object(Cake\Http\ServerRequest), Object(Cake\Http\Response))
#3 E:\xampp\htdocs\RecipeBook\vendor\cakephp\cakephp\src\Http\Runner.php(65): Cake\Http\BaseApplication->__invoke(Object(Cake\Http\ServerRequest), Object(Cake\Http\Response), Object(Cake\Http\Runner))
#4 E:\xampp\htdocs\RecipeBook\vendor\cakephp\cakephp\src\Routing\Middleware\RoutingMiddleware.php(104): Cake\Http\Runner->__invoke(Object(Cake\Http\ServerRequest), Object(Cake\Http\Response))
#5 E:\xampp\htdocs\RecipeBook\vendor\cakephp\cakephp\src\Http\Runner.php(65): Cake\Routing\Middleware\RoutingMiddleware->__invoke(Object(Cake\Http\ServerRequest), Object(Cake\Http\Response), Object(Cake\Http\Runner))
#6 E:\xampp\htdocs\RecipeBook\vendor\cakephp\cakephp\src\Routing\Middleware\AssetMiddleware.php(88): Cake\Http\Runner->__invoke(Object(Cake\Http\ServerRequest), Object(Cake\Http\Response))
#7 E:\xampp\htdocs\RecipeBook\vendor\cakephp\cakephp\src\Http\Runner.php(65): Cake\Routing\Middleware\AssetMiddleware->__invoke(Object(Cake\Http\ServerRequest), Object(Cake\Http\Response), Object(Cake\Http\Runner))
#8 E:\xampp\htdocs\RecipeBook\vendor\cakephp\cakephp\src\Error\Middleware\ErrorHandlerMiddleware.php(98): Cake\Http\Runner->__invoke(Object(Cake\Http\ServerRequest), Object(Cake\Http\Response))
#9 E:\xampp\htdocs\RecipeBook\vendor\cakephp\cakephp\src\Http\Runner.php(65): Cake\Error\Middleware\ErrorHandlerMiddleware->__invoke(Object(Cake\Http\ServerRequest), Object(Cake\Http\Response), Object(Cake\Http\Runner))
#10 E:\xampp\htdocs\RecipeBook\vendor\cakephp\debug_kit\src\Middleware\DebugKitMiddleware.php(52): Cake\Http\Runner->__invoke(Object(Cake\Http\ServerRequest), Object(Cake\Http\Response))
#11 E:\xampp\htdocs\RecipeBook\vendor\cakephp\cakephp\src\Http\Runner.php(65): DebugKit\Middleware\DebugKitMiddleware->__invoke(Object(Cake\Http\ServerRequest), Object(Cake\Http\Response), Object(Cake\Http\Runner))
#12 E:\xampp\htdocs\RecipeBook\vendor\cakephp\cakephp\src\Http\Runner.php(51): Cake\Http\Runner->__invoke(Object(Cake\Http\ServerRequest), Object(Cake\Http\Response))
#13 E:\xampp\htdocs\RecipeBook\vendor\cakephp\cakephp\src\Http\Server.php(81): Cake\Http\Runner->run(Object(Cake\Http\MiddlewareQueue), Object(Cake\Http\ServerRequest), Object(Cake\Http\Response))
#14 E:\xampp\htdocs\RecipeBook\webroot\index.php(40): Cake\Http\Server->run()
#15 {main}


2018-03-02 23:20:46 Error: [Cake\View\Exception\MissingTemplateException] Template file "Breakfasts\details.ctp" is missing.
Exception Attributes: array (
  'file' => 'Breakfasts\\details.ctp',
)
Request URL: /Breakfasts/details/rava-idly
Referer URL: http://localhost/RecipeBook/
Stack Trace:
#0 E:\xampp\htdocs\RecipeBook\vendor\cakephp\cakephp\src\View\View.php(761): Cake\View\View->_getViewFileName('Breakfasts\\deta...')
#1 E:\xampp\htdocs\RecipeBook\vendor\cakephp\cakephp\src\Controller\Controller.php(623): Cake\View\View->render(NULL, NULL)
#2 E:\xampp\htdocs\RecipeBook\vendor\cakephp\cakephp\src\Http\ActionDispatcher.php(125): Cake\Controller\Controller->render()
#3 E:\xampp\htdocs\RecipeBook\vendor\cakephp\cakephp\src\Http\ActionDispatcher.php(93): Cake\Http\ActionDispatcher->_invoke(Object(App\Controller\BreakfastsController))
#4 E:\xampp\htdocs\RecipeBook\vendor\cakephp\cakephp\src\Http\BaseApplication.php(108): Cake\Http\ActionDispatcher->dispatch(Object(Cake\Http\ServerRequest), Object(Cake\Http\Response))
#5 E:\xampp\htdocs\RecipeBook\vendor\cakephp\cakephp\src\Http\Runner.php(65): Cake\Http\BaseApplication->__invoke(Object(Cake\Http\ServerRequest), Object(Cake\Http\Response), Object(Cake\Http\Runner))
#6 E:\xampp\htdocs\RecipeBook\vendor\cakephp\cakephp\src\Routing\Middleware\RoutingMiddleware.php(104): Cake\Http\Runner->__invoke(Object(Cake\Http\ServerRequest), Object(Cake\Http\Response))
#7 E:\xampp\htdocs\RecipeBook\vendor\cakephp\cakephp\src\Http\Runner.php(65): Cake\Routing\Middleware\RoutingMiddleware->__invoke(Object(Cake\Http\ServerRequest), Object(Cake\Http\Response), Object(Cake\Http\Runner))
#8 E:\xampp\htdocs\RecipeBook\vendor\cakephp\cakephp\src\Routing\Middleware\AssetMiddleware.php(88): Cake\Http\Runner->__invoke(Object(Cake\Http\ServerRequest), Object(Cake\Http\Response))
#9 E:\xampp\htdocs\RecipeBook\vendor\cakephp\cakephp\src\Http\Runner.php(65): Cake\Routing\Middleware\AssetMiddleware->__invoke(Object(Cake\Http\ServerRequest), Object(Cake\Http\Response), Object(Cake\Http\Runner))
#10 E:\xampp\htdocs\RecipeBook\vendor\cakephp\cakephp\src\Error\Middleware\ErrorHandlerMiddleware.php(98): Cake\Http\Runner->__invoke(Object(Cake\Http\ServerRequest), Object(Cake\Http\Response))
#11 E:\xampp\htdocs\RecipeBook\vendor\cakephp\cakephp\src\Http\Runner.php(65): Cake\Error\Middleware\ErrorHandlerMiddleware->__invoke(Object(Cake\Http\ServerRequest), Object(Cake\Http\Response), Object(Cake\Http\Runner))
#12 E:\xampp\htdocs\RecipeBook\vendor\cakephp\debug_kit\src\Middleware\DebugKitMiddleware.php(52): Cake\Http\Runner->__invoke(Object(Cake\Http\ServerRequest), Object(Cake\Http\Response))
#13 E:\xampp\htdocs\RecipeBook\vendor\cakephp\cakephp\src\Http\Runner.php(65): DebugKit\Middleware\DebugKitMiddleware->__invoke(Object(Cake\Http\ServerRequest), Object(Cake\Http\Response), Object(Cake\Http\Runner))
#14 E:\xampp\htdocs\RecipeBook\vendor\cakephp\cakephp\src\Http\Runner.php(51): Cake\Http\Runner->__invoke(Object(Cake\Http\ServerRequest), Object(Cake\Http\Response))
#15 E:\xampp\htdocs\RecipeBook\vendor\cakephp\cakephp\src\Http\Server.php(81): Cake\Http\Runner->run(Object(Cake\Http\MiddlewareQueue), Object(Cake\Http\ServerRequest), Object(Cake\Http\Response))
#16 E:\xampp\htdocs\RecipeBook\webroot\index.php(40): Cake\Http\Server->run()
#17 {main}


2018-03-02 23:20:46 Warning: Warning (512): Unable to emit headers. Headers sent in file=E:\xampp\htdocs\RecipeBook\vendor\cakephp\cakephp\src\Error\Debugger.php line=850 in [E:\xampp\htdocs\RecipeBook\vendor\cakephp\cakephp\src\Http\ResponseEmitter.php, line 48]
Request URL: /Breakfasts/details/rava-idly
Referer URL: http://localhost/RecipeBook/
Trace:
Cake\Error\BaseErrorHandler::handleError() - CORE\src\Error\BaseErrorHandler.php, line 153
Cake\Http\ResponseEmitter::emit() - CORE\src\Http\ResponseEmitter.php, line 48
Cake\Http\Server::emit() - CORE\src\Http\Server.php, line 106
[main] - ROOT\webroot\index.php, line 40



2018-03-02 23:20:46 Warning: Warning (2): Cannot modify header information - headers already sent by (output started at E:\xampp\htdocs\RecipeBook\vendor\cakephp\cakephp\src\Error\Debugger.php:850) in [E:\xampp\htdocs\RecipeBook\vendor\cakephp\cakephp\src\Http\ResponseEmitter.php, line 148]
Request URL: /Breakfasts/details/rava-idly
Referer URL: http://localhost/RecipeBook/
Trace:
Cake\Error\BaseErrorHandler::handleError() - CORE\src\Error\BaseErrorHandler.php, line 153
header - [internal], line ??
Cake\Http\ResponseEmitter::emitStatusLine() - CORE\src\Http\ResponseEmitter.php, line 148
Cake\Http\ResponseEmitter::emit() - CORE\src\Http\ResponseEmitter.php, line 54
Cake\Http\Server::emit() - CORE\src\Http\Server.php, line 106
[main] - ROOT\webroot\index.php, line 40



2018-03-02 23:20:46 Warning: Warning (2): Cannot modify header information - headers already sent by (output started at E:\xampp\htdocs\RecipeBook\vendor\cakephp\cakephp\src\Error\Debugger.php:850) in [E:\xampp\htdocs\RecipeBook\vendor\cakephp\cakephp\src\Http\ResponseEmitter.php, line 181]
Request URL: /Breakfasts/details/rava-idly
Referer URL: http://localhost/RecipeBook/
Trace:
Cake\Error\BaseErrorHandler::handleError() - CORE\src\Error\BaseErrorHandler.php, line 153
header - [internal], line ??
Cake\Http\ResponseEmitter::emitHeaders() - CORE\src\Http\ResponseEmitter.php, line 181
Cake\Http\ResponseEmitter::emit() - CORE\src\Http\ResponseEmitter.php, line 55
Cake\Http\Server::emit() - CORE\src\Http\Server.php, line 106
[main] - ROOT\webroot\index.php, line 40



2018-03-02 23:20:46 Warning: Warning (2): Cannot modify header information - headers already sent by (output started at E:\xampp\htdocs\RecipeBook\vendor\cakephp\cakephp\src\Error\Debugger.php:850) in [E:\xampp\htdocs\RecipeBook\vendor\cakephp\cakephp\src\Http\ResponseEmitter.php, line 181]
Request URL: /Breakfasts/details/rava-idly
Referer URL: http://localhost/RecipeBook/
Trace:
Cake\Error\BaseErrorHandler::handleError() - CORE\src\Error\BaseErrorHandler.php, line 153
header - [internal], line ??
Cake\Http\ResponseEmitter::emitHeaders() - CORE\src\Http\ResponseEmitter.php, line 181
Cake\Http\ResponseEmitter::emit() - CORE\src\Http\ResponseEmitter.php, line 55
Cake\Http\Server::emit() - CORE\src\Http\Server.php, line 106
[main] - ROOT\webroot\index.php, line 40



2018-03-02 23:24:08 Error: [Cake\Datasource\Exception\RecordNotFoundException] Record not found in table "requests"
Request URL: /debug-kit/toolbar/b2e147f5-3192-41ce-bcbb-8b5ad2d5382b
Referer URL: http://localhost/RecipeBook/backend/admin/login?redirect=%2Fbackend%2FGalleries
Stack Trace:
#0 E:\xampp\htdocs\RecipeBook\vendor\cakephp\cakephp\src\ORM\Table.php(1445): Cake\ORM\Query->firstOrFail()
#1 E:\xampp\htdocs\RecipeBook\vendor\cakephp\debug_kit\src\Controller\RequestsController.php(66): Cake\ORM\Table->get(Array, Array)
#2 E:\xampp\htdocs\RecipeBook\vendor\cakephp\cakephp\src\Controller\Controller.php(440): DebugKit\Controller\RequestsController->view('b2e147f5-3192-4...')
#3 E:\xampp\htdocs\RecipeBook\vendor\cakephp\cakephp\src\Http\ActionDispatcher.php(119): Cake\Controller\Controller->invokeAction()
#4 E:\xampp\htdocs\RecipeBook\vendor\cakephp\cakephp\src\Http\ActionDispatcher.php(93): Cake\Http\ActionDispatcher->_invoke(Object(DebugKit\Controller\RequestsController))
#5 E:\xampp\htdocs\RecipeBook\vendor\cakephp\cakephp\src\Http\BaseApplication.php(108): Cake\Http\ActionDispatcher->dispatch(Object(Cake\Http\ServerRequest), Object(Cake\Http\Response))
#6 E:\xampp\htdocs\RecipeBook\vendor\cakephp\cakephp\src\Http\Runner.php(65): Cake\Http\BaseApplication->__invoke(Object(Cake\Http\ServerRequest), Object(Cake\Http\Response), Object(Cake\Http\Runner))
#7 E:\xampp\htdocs\RecipeBook\vendor\cakephp\cakephp\src\Routing\Middleware\RoutingMiddleware.php(104): Cake\Http\Runner->__invoke(Object(Cake\Http\ServerRequest), Object(Cake\Http\Response))
#8 E:\xampp\htdocs\RecipeBook\vendor\cakephp\cakephp\src\Http\Runner.php(65): Cake\Routing\Middleware\RoutingMiddleware->__invoke(Object(Cake\Http\ServerRequest), Object(Cake\Http\Response), Object(Cake\Http\Runner))
#9 E:\xampp\htdocs\RecipeBook\vendor\cakephp\cakephp\src\Routing\Middleware\AssetMiddleware.php(88): Cake\Http\Runner->__invoke(Object(Cake\Http\ServerRequest), Object(Cake\Http\Response))
#10 E:\xampp\htdocs\RecipeBook\vendor\cakephp\cakephp\src\Http\Runner.php(65): Cake\Routing\Middleware\AssetMiddleware->__invoke(Object(Cake\Http\ServerRequest), Object(Cake\Http\Response), Object(Cake\Http\Runner))
#11 E:\xampp\htdocs\RecipeBook\vendor\cakephp\cakephp\src\Error\Middleware\ErrorHandlerMiddleware.php(98): Cake\Http\Runner->__invoke(Object(Cake\Http\ServerRequest), Object(Cake\Http\Response))
#12 E:\xampp\htdocs\RecipeBook\vendor\cakephp\cakephp\src\Http\Runner.php(65): Cake\Error\Middleware\ErrorHandlerMiddleware->__invoke(Object(Cake\Http\ServerRequest), Object(Cake\Http\Response), Object(Cake\Http\Runner))
#13 E:\xampp\htdocs\RecipeBook\vendor\cakephp\debug_kit\src\Middleware\DebugKitMiddleware.php(52): Cake\Http\Runner->__invoke(Object(Cake\Http\ServerRequest), Object(Cake\Http\Response))
#14 E:\xampp\htdocs\RecipeBook\vendor\cakephp\cakephp\src\Http\Runner.php(65): DebugKit\Middleware\DebugKitMiddleware->__invoke(Object(Cake\Http\ServerRequest), Object(Cake\Http\Response), Object(Cake\Http\Runner))
#15 E:\xampp\htdocs\RecipeBook\vendor\cakephp\cakephp\src\Http\Runner.php(51): Cake\Http\Runner->__invoke(Object(Cake\Http\ServerRequest), Object(Cake\Http\Response))
#16 E:\xampp\htdocs\RecipeBook\vendor\cakephp\cakephp\src\Http\Server.php(81): Cake\Http\Runner->run(Object(Cake\Http\MiddlewareQueue), Object(Cake\Http\ServerRequest), Object(Cake\Http\Response))
#17 E:\xampp\htdocs\RecipeBook\webroot\index.php(40): Cake\Http\Server->run()
#18 {main}


2018-03-02 23:24:09 Error: [PDOException] SQLSTATE[42S22]: Column not found: 1054 Unknown column 'main_ingredient' in 'where clause'
Request URL: /Breakfasts/details/rava-idly
Referer URL: http://localhost/RecipeBook/
Stack Trace:
#0 E:\xampp\htdocs\RecipeBook\vendor\cakephp\cakephp\src\Database\Statement\MysqlStatement.php(39): PDOStatement->execute(NULL)
#1 E:\xampp\htdocs\RecipeBook\vendor\cakephp\cakephp\src\Database\Statement\StatementDecorator.php(174): Cake\Database\Statement\MysqlStatement->execute(NULL)
#2 E:\xampp\htdocs\RecipeBook\vendor\cakephp\cakephp\src\Database\Log\LoggingStatement.php(56): Cake\Database\Statement\StatementDecorator->execute(NULL)
#3 E:\xampp\htdocs\RecipeBook\vendor\cakephp\cakephp\src\Database\Connection.php(315): Cake\Database\Log\LoggingStatement->execute()
#4 E:\xampp\htdocs\RecipeBook\vendor\cakephp\cakephp\src\Database\Query.php(214): Cake\Database\Connection->run(Object(Cake\ORM\Query))
#5 E:\xampp\htdocs\RecipeBook\vendor\cakephp\cakephp\src\ORM\Query.php(1039): Cake\Database\Query->execute()
#6 E:\xampp\htdocs\RecipeBook\vendor\cakephp\cakephp\src\Datasource\QueryTrait.php(287): Cake\ORM\Query->_execute()
#7 E:\xampp\htdocs\RecipeBook\vendor\cakephp\cakephp\src\ORM\Query.php(987): Cake\ORM\Query->_all()
#8 E:\xampp\htdocs\RecipeBook\vendor\cakephp\cakephp\src\Datasource\QueryTrait.php(304): Cake\ORM\Query->all()
#9 E:\xampp\htdocs\RecipeBook\src\Controller\BreakfastsController.php(48): Cake\ORM\Query->toArray()
#10 E:\xampp\htdocs\RecipeBook\vendor\cakephp\cakephp\src\Controller\Controller.php(440): App\Controller\BreakfastsController->details('rava-idly')
#11 E:\xampp\htdocs\RecipeBook\vendor\cakephp\cakephp\src\Http\ActionDispatcher.php(119): Cake\Controller\Controller->invokeAction()
#12 E:\xampp\htdocs\RecipeBook\vendor\cakephp\cakephp\src\Http\ActionDispatcher.php(93): Cake\Http\ActionDispatcher->_invoke(Object(App\Controller\BreakfastsController))
#13 E:\xampp\htdocs\RecipeBook\vendor\cakephp\cakephp\src\Http\BaseApplication.php(108): Cake\Http\ActionDispatcher->dispatch(Object(Cake\Http\ServerRequest), Object(Cake\Http\Response))
#14 E:\xampp\htdocs\RecipeBook\vendor\cakephp\cakephp\src\Http\Runner.php(65): Cake\Http\BaseApplication->__invoke(Object(Cake\Http\ServerRequest), Object(Cake\Http\Response), Object(Cake\Http\Runner))
#15 E:\xampp\htdocs\RecipeBook\vendor\cakephp\cakephp\src\Routing\Middleware\RoutingMiddleware.php(104): Cake\Http\Runner->__invoke(Object(Cake\Http\ServerRequest), Object(Cake\Http\Response))
#16 E:\xampp\htdocs\RecipeBook\vendor\cakephp\cakephp\src\Http\Runner.php(65): Cake\Routing\Middleware\RoutingMiddleware->__invoke(Object(Cake\Http\ServerRequest), Object(Cake\Http\Response), Object(Cake\Http\Runner))
#17 E:\xampp\htdocs\RecipeBook\vendor\cakephp\cakephp\src\Routing\Middleware\AssetMiddleware.php(88): Cake\Http\Runner->__invoke(Object(Cake\Http\ServerRequest), Object(Cake\Http\Response))
#18 E:\xampp\htdocs\RecipeBook\vendor\cakephp\cakephp\src\Http\Runner.php(65): Cake\Routing\Middleware\AssetMiddleware->__invoke(Object(Cake\Http\ServerRequest), Object(Cake\Http\Response), Object(Cake\Http\Runner))
#19 E:\xampp\htdocs\RecipeBook\vendor\cakephp\cakephp\src\Error\Middleware\ErrorHandlerMiddleware.php(98): Cake\Http\Runner->__invoke(Object(Cake\Http\ServerRequest), Object(Cake\Http\Response))
#20 E:\xampp\htdocs\RecipeBook\vendor\cakephp\cakephp\src\Http\Runner.php(65): Cake\Error\Middleware\ErrorHandlerMiddleware->__invoke(Object(Cake\Http\ServerRequest), Object(Cake\Http\Response), Object(Cake\Http\Runner))
#21 E:\xampp\htdocs\RecipeBook\vendor\cakephp\debug_kit\src\Middleware\DebugKitMiddleware.php(52): Cake\Http\Runner->__invoke(Object(Cake\Http\ServerRequest), Object(Cake\Http\Response))
#22 E:\xampp\htdocs\RecipeBook\vendor\cakephp\cakephp\src\Http\Runner.php(65): DebugKit\Middleware\DebugKitMiddleware->__invoke(Object(Cake\Http\ServerRequest), Object(Cake\Http\Response), Object(Cake\Http\Runner))
#23 E:\xampp\htdocs\RecipeBook\vendor\cakephp\cakephp\src\Http\Runner.php(51): Cake\Http\Runner->__invoke(Object(Cake\Http\ServerRequest), Object(Cake\Http\Response))
#24 E:\xampp\htdocs\RecipeBook\vendor\cakephp\cakephp\src\Http\Server.php(81): Cake\Http\Runner->run(Object(Cake\Http\MiddlewareQueue), Object(Cake\Http\ServerRequest), Object(Cake\Http\Response))
#25 E:\xampp\htdocs\RecipeBook\webroot\index.php(40): Cake\Http\Server->run()
#26 {main}


